Start testing: Jan 01 17:34 CST
----------------------------------------------------------
1/3 Testing: Checksum.IPv4Header
1/3 Test: Checksum.IPv4Header
Command: "/home/ada/Project/PacketGhost/build/unit_tests" "--gtest_filter=Checksum.IPv4Header" "--gtest_also_run_disabled_tests"
Directory: /home/ada/Project/PacketGhost/build
"Checksum.IPv4Header" start time: Jan 01 17:34 CST
Output:
----------------------------------------------------------
Running main() from /usr/src/debug/gtest/googletest-1.17.0/googletest/src/gtest_main.cc
Note: Google Test filter = Checksum.IPv4Header
[==========] Running 1 test from 1 test suite.
[----------] Global test environment set-up.
[----------] 1 test from Checksum
[ RUN      ] Checksum.IPv4Header
[       OK ] Checksum.IPv4Header (0 ms)
[----------] 1 test from Checksum (0 ms total)

[----------] Global test environment tear-down
[==========] 1 test from 1 test suite ran. (0 ms total)
[  PASSED  ] 1 test.
<end of output>
Test time =   0.00 sec
----------------------------------------------------------
Test Passed.
"Checksum.IPv4Header" end time: Jan 01 17:34 CST
"Checksum.IPv4Header" time elapsed: 00:00:00
----------------------------------------------------------

2/3 Testing: Checksum.TCPNoPayload
2/3 Test: Checksum.TCPNoPayload
Command: "/home/ada/Project/PacketGhost/build/unit_tests" "--gtest_filter=Checksum.TCPNoPayload" "--gtest_also_run_disabled_tests"
Directory: /home/ada/Project/PacketGhost/build
"Checksum.TCPNoPayload" start time: Jan 01 17:34 CST
Output:
----------------------------------------------------------
Running main() from /usr/src/debug/gtest/googletest-1.17.0/googletest/src/gtest_main.cc
Note: Google Test filter = Checksum.TCPNoPayload
[==========] Running 1 test from 1 test suite.
[----------] Global test environment set-up.
[----------] 1 test from Checksum
[ RUN      ] Checksum.TCPNoPayload
[       OK ] Checksum.TCPNoPayload (0 ms)
[----------] 1 test from Checksum (0 ms total)

[----------] Global test environment tear-down
[==========] 1 test from 1 test suite ran. (0 ms total)
[  PASSED  ] 1 test.
<end of output>
Test time =   0.01 sec
----------------------------------------------------------
Test Passed.
"Checksum.TCPNoPayload" end time: Jan 01 17:34 CST
"Checksum.TCPNoPayload" time elapsed: 00:00:00
----------------------------------------------------------

3/3 Testing: Checksum.TCPWithOddPayload
3/3 Test: Checksum.TCPWithOddPayload
Command: "/home/ada/Project/PacketGhost/build/unit_tests" "--gtest_filter=Checksum.TCPWithOddPayload" "--gtest_also_run_disabled_tests"
Directory: /home/ada/Project/PacketGhost/build
"Checksum.TCPWithOddPayload" start time: Jan 01 17:34 CST
Output:
----------------------------------------------------------
Running main() from /usr/src/debug/gtest/googletest-1.17.0/googletest/src/gtest_main.cc
Note: Google Test filter = Checksum.TCPWithOddPayload
[==========] Running 1 test from 1 test suite.
[----------] Global test environment set-up.
[----------] 1 test from Checksum
[ RUN      ] Checksum.TCPWithOddPayload
[       OK ] Checksum.TCPWithOddPayload (0 ms)
[----------] 1 test from Checksum (0 ms total)

[----------] Global test environment tear-down
[==========] 1 test from 1 test suite ran. (0 ms total)
[  PASSED  ] 1 test.
<end of output>
Test time =   0.00 sec
----------------------------------------------------------
Test Passed.
"Checksum.TCPWithOddPayload" end time: Jan 01 17:34 CST
"Checksum.TCPWithOddPayload" time elapsed: 00:00:00
----------------------------------------------------------

End testing: Jan 01 17:34 CST
